{"/home/dani/tarea_docker/frontend-ts/app.ts": {"path":"/home/dani/tarea_docker/frontend-ts/app.ts","statementMap":{"0":{"start":{"line":1,"column":21},"end":{"line":1,"column":60}},"1":{"start":{"line":1,"column":55},"end":{"line":1,"column":60}},"2":{"start":{"line":1,"column":13},"end":{"line":1,"column":21}},"3":{"start":{"line":2,"column":0},"end":{"line":2,"column":57}}},"fnMap":{"0":{"name":"(anonymous_0)","decl":{"start":{"line":1,"column":21},"end":{"line":1,"column":22}},"loc":{"start":{"line":1,"column":55},"end":{"line":1,"column":60}}}},"branchMap":{},"s":{"0":1,"1":2,"2":1,"3":1},"f":{"0":2},"b":{}}
}
